0    [main] INFO  eclipse.emf.mwe.core.WorkflowEngine  - --------------------------------------------------------------------------------------
16   [main] INFO  eclipse.emf.mwe.core.WorkflowEngine  - EMF Modeling Workflow Engine 1.3.11, Build v201508030321
16   [main] INFO  eclipse.emf.mwe.core.WorkflowEngine  - (c) 2005-2009 openarchitectureware.org and contributors
16   [main] INFO  eclipse.emf.mwe.core.WorkflowEngine  - --------------------------------------------------------------------------------------
16   [main] INFO  eclipse.emf.mwe.core.WorkflowEngine  - running workflow: C:/ooh4ria/workspaceMars/YoureOn/templates/workflow/generator.mwe
16   [main] INFO  eclipse.emf.mwe.core.WorkflowEngine  - 
486  [main] INFO  lipse.emf.mwe.utils.StandaloneSetup  - Registering platform uri 'C:\ooh4ria\workspaceMars'
833  [main] INFO  lipse.emf.mwe.utils.StandaloneSetup  - Adding generated EPackage 'es.ua.dlsi.ooh.conceptualView.ConceptualViewPackage'
902  [main] INFO  lipse.emf.mwe.utils.StandaloneSetup  - Adding generated EPackage 'org.eclipse.gmf.runtime.notation.NotationPackage'
1002 [main] INFO  e.core.container.CompositeComponent  - Workflow: executing workflow workflow::nhibernate::generator.mwe in C:/ooh4ria/workspaceMars/YoureOn/templates/workflow/generator.mwe:10
1002 [main] INFO  e.core.container.CompositeComponent  - XmiReader: file 'models/default.domainModel' => slot 'es_ua_dlsi_ooh_conceptual_model'
1288 [main] INFO  e.core.container.CompositeComponent  - CheckComponent: slot es_ua_dlsi_ooh_conceptual_model check file(s): metamodel::Checks 
1773 [main] INFO  e.core.container.CompositeComponent  - Generator(nhibernate.generator): generating 'workflow::nhibernate::workflow::main FOR true' => [CONFIGURATION:../YoureOnGen(overwrite=false,append=false,fileEncoding=utf-8), ../YoureOnGen]
configuroConf:C:\Users\debor\AppData\Local\Temp\OOH4RIA2565191431476052926.cfg
enc:utf-8
2967 [main] INFO  and2.pr.ProtectedRegionResolverImpl  - Source scan started ...
5589 [main] INFO  and2.pr.ProtectedRegionResolverImpl  - Source scan finished in 2.622s
5589 [main] INFO  and2.pr.ProtectedRegionResolverImpl  - Files scanned: 458
5589 [main] INFO  and2.pr.ProtectedRegionResolverImpl  - Regions found: 35
enc:utf-8
enc:utf-8
enc:utf-8
enc:utf-8
enc:utf-8
enc:utf-8
6043 [main] INFO  ipse.xtend.util.stdlib.IOExtensions  - UsuarioCAD
enc:utf-8
6159 [main] INFO  ipse.xtend.util.stdlib.IOExtensions  - ContenidoCAD
LA clase origen: Contenido y el nombre de rol: usuario
Encontrado en: asoOrigin: usuario_contenido. El nombre del rol origen: usuario y el nombre de rol destino: contenido
LA clase origen: Contenido y el nombre de rol: usuario
Encontrado en: asoOrigin: usuario_contenido. El nombre del rol origen: usuario y el nombre de rol destino: contenido
LA clase origen: Contenido y el nombre de rol: usuario
Encontrado en: asoOrigin: usuario_contenido. El nombre del rol origen: usuario y el nombre de rol destino: contenido
LA clase origen: Contenido y el nombre de rol: usuario
Encontrado en: asoOrigin: usuario_contenido. El nombre del rol origen: usuario y el nombre de rol destino: contenido
LA clase origen: Contenido y el nombre de rol: usuario
Encontrado en: asoOrigin: usuario_contenido. El nombre del rol origen: usuario y el nombre de rol destino: contenido
LA clase origen: Contenido y el nombre de rol: usuario
Encontrado en: asoOrigin: usuario_contenido. El nombre del rol origen: usuario y el nombre de rol destino: contenido
enc:utf-8
6291 [main] INFO  ipse.xtend.util.stdlib.IOExtensions  - ComentarioCAD
LA clase origen: Comentario y el nombre de rol: usuario
Encontrado en: asoOrigin: usuario_comentario. El nombre del rol origen: usuario y el nombre de rol destino: comentario
LA clase origen: Comentario y el nombre de rol: usuario
Encontrado en: asoOrigin: usuario_comentario. El nombre del rol origen: usuario y el nombre de rol destino: comentario
LA clase origen: Comentario y el nombre de rol: usuario
Encontrado en: asoOrigin: usuario_comentario. El nombre del rol origen: usuario y el nombre de rol destino: comentario
LA clase origen: Comentario y el nombre de rol: usuario
Encontrado en: asoOrigin: usuario_comentario. El nombre del rol origen: usuario y el nombre de rol destino: comentario
LA clase origen: Comentario y el nombre de rol: usuario
Encontrado en: asoOrigin: usuario_comentario. El nombre del rol origen: usuario y el nombre de rol destino: comentario
LA clase origen: Comentario y el nombre de rol: usuario
Encontrado en: asoOrigin: usuario_comentario. El nombre del rol origen: usuario y el nombre de rol destino: comentario
LA clase origen: Comentario y el nombre de rol: contenido
DISTINTO en: asoOrigin: usuario_comentario. El nombre del rol origen: usuario de el rol destino: contenido
DISTINTO en: asoOrigin: reporteComentario_comentario. El nombre del rol origen: reporteComentario de el rol destino: contenido
LA clase destino: Comentario y el nombre de rol: contenido
DISTINTO en: asoTarget: comentario_valoracion. El nombre del rol destino: valoracion_comentario de el rol origen: contenido
Encontrado en: asoTarget: comentario_contenido El nombre de rol origen (generado): comentario y el nombre del rol destino:contenido
LA clase origen: Comentario y el nombre de rol: contenido
DISTINTO en: asoOrigin: usuario_comentario. El nombre del rol origen: usuario de el rol destino: contenido
DISTINTO en: asoOrigin: reporteComentario_comentario. El nombre del rol origen: reporteComentario de el rol destino: contenido
LA clase destino: Comentario y el nombre de rol: contenido
DISTINTO en: asoTarget: comentario_valoracion. El nombre del rol destino: valoracion_comentario de el rol origen: contenido
Encontrado en: asoTarget: comentario_contenido El nombre de rol origen (generado): comentario y el nombre del rol destino:contenido
LA clase origen: Comentario y el nombre de rol: contenido
DISTINTO en: asoOrigin: usuario_comentario. El nombre del rol origen: usuario de el rol destino: contenido
DISTINTO en: asoOrigin: reporteComentario_comentario. El nombre del rol origen: reporteComentario de el rol destino: contenido
LA clase destino: Comentario y el nombre de rol: contenido
DISTINTO en: asoTarget: comentario_valoracion. El nombre del rol destino: valoracion_comentario de el rol origen: contenido
Encontrado en: asoTarget: comentario_contenido El nombre de rol origen (generado): comentario y el nombre del rol destino:contenido
enc:utf-8
6375 [main] INFO  ipse.xtend.util.stdlib.IOExtensions  - TextoCAD
LA clase origen: Texto y el nombre de rol: usuario
Encontrado en: asoOrigin: usuario_contenido. El nombre del rol origen: usuario y el nombre de rol destino: contenido
LA clase origen: Texto y el nombre de rol: usuario
Encontrado en: asoOrigin: usuario_contenido. El nombre del rol origen: usuario y el nombre de rol destino: contenido
LA clase origen: Texto y el nombre de rol: usuario
Encontrado en: asoOrigin: usuario_contenido. El nombre del rol origen: usuario y el nombre de rol destino: contenido
LA clase origen: Texto y el nombre de rol: usuario
Encontrado en: asoOrigin: usuario_contenido. El nombre del rol origen: usuario y el nombre de rol destino: contenido
LA clase origen: Texto y el nombre de rol: usuario
Encontrado en: asoOrigin: usuario_contenido. El nombre del rol origen: usuario y el nombre de rol destino: contenido
LA clase origen: Texto y el nombre de rol: usuario
Encontrado en: asoOrigin: usuario_contenido. El nombre del rol origen: usuario y el nombre de rol destino: contenido
enc:utf-8
6483 [main] INFO  ipse.xtend.util.stdlib.IOExtensions  - ImagenCAD
LA clase origen: Imagen y el nombre de rol: usuario
Encontrado en: asoOrigin: usuario_contenido. El nombre del rol origen: usuario y el nombre de rol destino: contenido
LA clase origen: Imagen y el nombre de rol: usuario
Encontrado en: asoOrigin: usuario_contenido. El nombre del rol origen: usuario y el nombre de rol destino: contenido
LA clase origen: Imagen y el nombre de rol: usuario
Encontrado en: asoOrigin: usuario_contenido. El nombre del rol origen: usuario y el nombre de rol destino: contenido
LA clase origen: Imagen y el nombre de rol: usuario
Encontrado en: asoOrigin: usuario_contenido. El nombre del rol origen: usuario y el nombre de rol destino: contenido
LA clase origen: Imagen y el nombre de rol: usuario
Encontrado en: asoOrigin: usuario_contenido. El nombre del rol origen: usuario y el nombre de rol destino: contenido
LA clase origen: Imagen y el nombre de rol: usuario
Encontrado en: asoOrigin: usuario_contenido. El nombre del rol origen: usuario y el nombre de rol destino: contenido
enc:utf-8
6579 [main] INFO  ipse.xtend.util.stdlib.IOExtensions  - VideoCAD
LA clase origen: Video y el nombre de rol: usuario
Encontrado en: asoOrigin: usuario_contenido. El nombre del rol origen: usuario y el nombre de rol destino: contenido
LA clase origen: Video y el nombre de rol: usuario
Encontrado en: asoOrigin: usuario_contenido. El nombre del rol origen: usuario y el nombre de rol destino: contenido
LA clase origen: Video y el nombre de rol: usuario
Encontrado en: asoOrigin: usuario_contenido. El nombre del rol origen: usuario y el nombre de rol destino: contenido
LA clase origen: Video y el nombre de rol: usuario
Encontrado en: asoOrigin: usuario_contenido. El nombre del rol origen: usuario y el nombre de rol destino: contenido
LA clase origen: Video y el nombre de rol: usuario
Encontrado en: asoOrigin: usuario_contenido. El nombre del rol origen: usuario y el nombre de rol destino: contenido
LA clase origen: Video y el nombre de rol: usuario
Encontrado en: asoOrigin: usuario_contenido. El nombre del rol origen: usuario y el nombre de rol destino: contenido
enc:utf-8
6672 [main] INFO  ipse.xtend.util.stdlib.IOExtensions  - AudioCAD
LA clase origen: Audio y el nombre de rol: usuario
Encontrado en: asoOrigin: usuario_contenido. El nombre del rol origen: usuario y el nombre de rol destino: contenido
LA clase origen: Audio y el nombre de rol: usuario
Encontrado en: asoOrigin: usuario_contenido. El nombre del rol origen: usuario y el nombre de rol destino: contenido
LA clase origen: Audio y el nombre de rol: usuario
Encontrado en: asoOrigin: usuario_contenido. El nombre del rol origen: usuario y el nombre de rol destino: contenido
LA clase origen: Audio y el nombre de rol: usuario
Encontrado en: asoOrigin: usuario_contenido. El nombre del rol origen: usuario y el nombre de rol destino: contenido
LA clase origen: Audio y el nombre de rol: usuario
Encontrado en: asoOrigin: usuario_contenido. El nombre del rol origen: usuario y el nombre de rol destino: contenido
LA clase origen: Audio y el nombre de rol: usuario
Encontrado en: asoOrigin: usuario_contenido. El nombre del rol origen: usuario y el nombre de rol destino: contenido
enc:utf-8
6761 [main] INFO  ipse.xtend.util.stdlib.IOExtensions  - BibliotecaCAD
LA clase origen: Biblioteca y el nombre de rol: usuario
Encontrado en: asoOrigin: usuario_biblioteca. El nombre del rol origen: usuario y el nombre de rol destino: biblioteca
LA clase origen: Biblioteca y el nombre de rol: usuario
Encontrado en: asoOrigin: usuario_biblioteca. El nombre del rol origen: usuario y el nombre de rol destino: biblioteca
LA clase origen: Biblioteca y el nombre de rol: usuario
Encontrado en: asoOrigin: usuario_biblioteca. El nombre del rol origen: usuario y el nombre de rol destino: biblioteca
LA clase origen: Biblioteca y el nombre de rol: usuario
Encontrado en: asoOrigin: usuario_biblioteca. El nombre del rol origen: usuario y el nombre de rol destino: biblioteca
LA clase origen: Biblioteca y el nombre de rol: usuario
Encontrado en: asoOrigin: usuario_biblioteca. El nombre del rol origen: usuario y el nombre de rol destino: biblioteca
LA clase origen: Biblioteca y el nombre de rol: usuario
Encontrado en: asoOrigin: usuario_biblioteca. El nombre del rol origen: usuario y el nombre de rol destino: biblioteca
enc:utf-8
6860 [main] INFO  ipse.xtend.util.stdlib.IOExtensions  - ValoracionCAD
enc:utf-8
6934 [main] INFO  ipse.xtend.util.stdlib.IOExtensions  - FaltaCAD
LA clase origen: Falta y el nombre de rol: usuario
Encontrado en: asoOrigin: usuario_falta. El nombre del rol origen: usuario y el nombre de rol destino: falta
LA clase origen: Falta y el nombre de rol: usuario
Encontrado en: asoOrigin: usuario_falta. El nombre del rol origen: usuario y el nombre de rol destino: falta
LA clase origen: Falta y el nombre de rol: usuario
Encontrado en: asoOrigin: usuario_falta. El nombre del rol origen: usuario y el nombre de rol destino: falta
LA clase origen: Falta y el nombre de rol: usuario
Encontrado en: asoOrigin: usuario_falta. El nombre del rol origen: usuario y el nombre de rol destino: falta
LA clase origen: Falta y el nombre de rol: usuario
Encontrado en: asoOrigin: usuario_falta. El nombre del rol origen: usuario y el nombre de rol destino: falta
LA clase origen: Falta y el nombre de rol: usuario
Encontrado en: asoOrigin: usuario_falta. El nombre del rol origen: usuario y el nombre de rol destino: falta
LA clase origen: Falta y el nombre de rol: moderador
DISTINTO en: asoOrigin: usuario_falta. El nombre del rol origen: usuario de el rol destino: moderador
LA clase destino: Falta y el nombre de rol: moderador
Encontrado en: asoTarget: falta_0_moderador El nombre de rol origen (generado): pone_falta y el nombre del rol destino:moderador
LA clase origen: Falta y el nombre de rol: moderador
DISTINTO en: asoOrigin: usuario_falta. El nombre del rol origen: usuario de el rol destino: moderador
LA clase destino: Falta y el nombre de rol: moderador
Encontrado en: asoTarget: falta_0_moderador El nombre de rol origen (generado): pone_falta y el nombre del rol destino:moderador
LA clase origen: Falta y el nombre de rol: moderador
DISTINTO en: asoOrigin: usuario_falta. El nombre del rol origen: usuario de el rol destino: moderador
LA clase destino: Falta y el nombre de rol: moderador
Encontrado en: asoTarget: falta_0_moderador El nombre de rol origen (generado): pone_falta y el nombre del rol destino:moderador
enc:utf-8
7025 [main] INFO  ipse.xtend.util.stdlib.IOExtensions  - ValoracionContenidoCAD
LA clase origen: ValoracionContenido y el nombre de rol: contenido
Encontrado en: asoOrigin: contenido_valoracion_0. El nombre del rol origen: contenido y el nombre de rol destino: valoracion_contenido
LA clase origen: ValoracionContenido y el nombre de rol: contenido
Encontrado en: asoOrigin: contenido_valoracion_0. El nombre del rol origen: contenido y el nombre de rol destino: valoracion_contenido
LA clase origen: ValoracionContenido y el nombre de rol: contenido
Encontrado en: asoOrigin: contenido_valoracion_0. El nombre del rol origen: contenido y el nombre de rol destino: valoracion_contenido
LA clase origen: ValoracionContenido y el nombre de rol: contenido
Encontrado en: asoOrigin: contenido_valoracion_0. El nombre del rol origen: contenido y el nombre de rol destino: valoracion_contenido
LA clase origen: ValoracionContenido y el nombre de rol: contenido
Encontrado en: asoOrigin: contenido_valoracion_0. El nombre del rol origen: contenido y el nombre de rol destino: valoracion_contenido
LA clase origen: ValoracionContenido y el nombre de rol: contenido
Encontrado en: asoOrigin: contenido_valoracion_0. El nombre del rol origen: contenido y el nombre de rol destino: valoracion_contenido
enc:utf-8
7086 [main] INFO  ipse.xtend.util.stdlib.IOExtensions  - ValoracionComentarioCAD
LA clase origen: ValoracionComentario y el nombre de rol: comentario
Encontrado en: asoOrigin: comentario_valoracion. El nombre del rol origen: comentario y el nombre de rol destino: valoracion_comentario
LA clase origen: ValoracionComentario y el nombre de rol: comentario
Encontrado en: asoOrigin: comentario_valoracion. El nombre del rol origen: comentario y el nombre de rol destino: valoracion_comentario
LA clase origen: ValoracionComentario y el nombre de rol: comentario
Encontrado en: asoOrigin: comentario_valoracion. El nombre del rol origen: comentario y el nombre de rol destino: valoracion_comentario
LA clase origen: ValoracionComentario y el nombre de rol: comentario
Encontrado en: asoOrigin: comentario_valoracion. El nombre del rol origen: comentario y el nombre de rol destino: valoracion_comentario
LA clase origen: ValoracionComentario y el nombre de rol: comentario
Encontrado en: asoOrigin: comentario_valoracion. El nombre del rol origen: comentario y el nombre de rol destino: valoracion_comentario
LA clase origen: ValoracionComentario y el nombre de rol: comentario
Encontrado en: asoOrigin: comentario_valoracion. El nombre del rol origen: comentario y el nombre de rol destino: valoracion_comentario
enc:utf-8
7151 [main] INFO  ipse.xtend.util.stdlib.IOExtensions  - ModeradorCAD
enc:utf-8
7217 [main] INFO  ipse.xtend.util.stdlib.IOExtensions  - AdministradorCAD
enc:utf-8
7300 [main] INFO  ipse.xtend.util.stdlib.IOExtensions  - NotificacionesCAD
LA clase origen: Notificaciones y el nombre de rol: usuario
Encontrado en: asoOrigin: usuario_notificaciones. El nombre del rol origen: usuario y el nombre de rol destino: notificaciones
LA clase origen: Notificaciones y el nombre de rol: usuario
Encontrado en: asoOrigin: usuario_notificaciones. El nombre del rol origen: usuario y el nombre de rol destino: notificaciones
LA clase origen: Notificaciones y el nombre de rol: usuario
Encontrado en: asoOrigin: usuario_notificaciones. El nombre del rol origen: usuario y el nombre de rol destino: notificaciones
LA clase origen: Notificaciones y el nombre de rol: usuario
Encontrado en: asoOrigin: usuario_notificaciones. El nombre del rol origen: usuario y el nombre de rol destino: notificaciones
LA clase origen: Notificaciones y el nombre de rol: usuario
Encontrado en: asoOrigin: usuario_notificaciones. El nombre del rol origen: usuario y el nombre de rol destino: notificaciones
LA clase origen: Notificaciones y el nombre de rol: usuario
Encontrado en: asoOrigin: usuario_notificaciones. El nombre del rol origen: usuario y el nombre de rol destino: notificaciones
LA clase origen: Notificaciones y el nombre de rol: moderador
DISTINTO en: asoOrigin: usuario_notificaciones. El nombre del rol origen: usuario de el rol destino: moderador
LA clase destino: Notificaciones y el nombre de rol: moderador
Encontrado en: asoTarget: notificaciones_0_moderador El nombre de rol origen (generado): notificacion_enviada y el nombre del rol destino:moderador
LA clase origen: Notificaciones y el nombre de rol: moderador
DISTINTO en: asoOrigin: usuario_notificaciones. El nombre del rol origen: usuario de el rol destino: moderador
LA clase destino: Notificaciones y el nombre de rol: moderador
Encontrado en: asoTarget: notificaciones_0_moderador El nombre de rol origen (generado): notificacion_enviada y el nombre del rol destino:moderador
LA clase origen: Notificaciones y el nombre de rol: moderador
DISTINTO en: asoOrigin: usuario_notificaciones. El nombre del rol origen: usuario de el rol destino: moderador
LA clase destino: Notificaciones y el nombre de rol: moderador
Encontrado en: asoTarget: notificaciones_0_moderador El nombre de rol origen (generado): notificacion_enviada y el nombre del rol destino:moderador
enc:utf-8
7347 [main] INFO  ipse.xtend.util.stdlib.IOExtensions  - ReporteCAD
enc:utf-8
7416 [main] INFO  ipse.xtend.util.stdlib.IOExtensions  - ReporteContenidoCAD
LA clase origen: ReporteContenido y el nombre de rol: contenido
LA clase destino: ReporteContenido y el nombre de rol: contenido
Encontrado en: asoTarget: reporte_contenido El nombre de rol origen (generado): reporte y el nombre del rol destino:contenido
LA clase origen: ReporteContenido y el nombre de rol: contenido
LA clase destino: ReporteContenido y el nombre de rol: contenido
Encontrado en: asoTarget: reporte_contenido El nombre de rol origen (generado): reporte y el nombre del rol destino:contenido
LA clase origen: ReporteContenido y el nombre de rol: contenido
LA clase destino: ReporteContenido y el nombre de rol: contenido
Encontrado en: asoTarget: reporte_contenido El nombre de rol origen (generado): reporte y el nombre del rol destino:contenido
enc:utf-8
7467 [main] INFO  ipse.xtend.util.stdlib.IOExtensions  - ReporteComentarioCAD
LA clase origen: ReporteComentario y el nombre de rol: comentario
LA clase destino: ReporteComentario y el nombre de rol: comentario
Encontrado en: asoTarget: reporteComentario_comentario El nombre de rol origen (generado): reporteComentario y el nombre del rol destino:comentario
LA clase origen: ReporteComentario y el nombre de rol: comentario
LA clase destino: ReporteComentario y el nombre de rol: comentario
Encontrado en: asoTarget: reporteComentario_comentario El nombre de rol origen (generado): reporteComentario y el nombre del rol destino:comentario
LA clase origen: ReporteComentario y el nombre de rol: comentario
LA clase destino: ReporteComentario y el nombre de rol: comentario
Encontrado en: asoTarget: reporteComentario_comentario El nombre de rol origen (generado): reporteComentario y el nombre del rol destino:comentario
enc:utf-8
7531 [main] INFO  ipse.xtend.util.stdlib.IOExtensions  - FooterCAD
enc:utf-8
7584 [main] INFO  ipse.xtend.util.stdlib.IOExtensions  - IdiomaCAD
enc:utf-8
enc:utf-8
enc:utf-8
enc:utf-8
enc:utf-8
enc:utf-8
enc:utf-8
enc:utf-8
enc:utf-8
enc:utf-8
enc:utf-8
enc:utf-8
enc:utf-8
enc:utf-8
enc:utf-8
enc:utf-8
enc:utf-8
enc:utf-8
enc:utf-8
enc:utf-8
enc:utf-8
enc:utf-8
8648 [main] INFO  ipse.xtend.util.stdlib.IOExtensions  - UsuarioCEN
enc:utf-8
8729 [main] INFO  ipse.xtend.util.stdlib.IOExtensions  - ContenidoCEN
enc:utf-8
8786 [main] INFO  ipse.xtend.util.stdlib.IOExtensions  - ComentarioCEN
enc:utf-8
8849 [main] INFO  ipse.xtend.util.stdlib.IOExtensions  - TextoCEN
enc:utf-8
8902 [main] INFO  ipse.xtend.util.stdlib.IOExtensions  - ImagenCEN
enc:utf-8
8964 [main] INFO  ipse.xtend.util.stdlib.IOExtensions  - VideoCEN
enc:utf-8
9018 [main] INFO  ipse.xtend.util.stdlib.IOExtensions  - AudioCEN
enc:utf-8
9065 [main] INFO  ipse.xtend.util.stdlib.IOExtensions  - BibliotecaCEN
enc:utf-8
9118 [main] INFO  ipse.xtend.util.stdlib.IOExtensions  - ValoracionCEN
enc:utf-8
9187 [main] INFO  ipse.xtend.util.stdlib.IOExtensions  - FaltaCEN
enc:utf-8
9234 [main] INFO  ipse.xtend.util.stdlib.IOExtensions  - ValoracionContenidoCEN
enc:utf-8
9287 [main] INFO  ipse.xtend.util.stdlib.IOExtensions  - ValoracionComentarioCEN
enc:utf-8
9350 [main] INFO  ipse.xtend.util.stdlib.IOExtensions  - ModeradorCEN
enc:utf-8
9403 [main] INFO  ipse.xtend.util.stdlib.IOExtensions  - AdministradorCEN
enc:utf-8
9450 [main] INFO  ipse.xtend.util.stdlib.IOExtensions  - NotificacionesCEN
enc:utf-8
9503 [main] INFO  ipse.xtend.util.stdlib.IOExtensions  - ReporteCEN
enc:utf-8
9550 [main] INFO  ipse.xtend.util.stdlib.IOExtensions  - ReporteContenidoCEN
enc:utf-8
9603 [main] INFO  ipse.xtend.util.stdlib.IOExtensions  - ReporteComentarioCEN
enc:utf-8
9650 [main] INFO  ipse.xtend.util.stdlib.IOExtensions  - FooterCEN
enc:utf-8
9719 [main] INFO  ipse.xtend.util.stdlib.IOExtensions  - IdiomaCEN
enc:utf-8
enc:utf-8
enc:utf-8
enc:utf-8
enc:utf-8
enc:utf-8
enc:utf-8
enc:utf-8
enc:utf-8
enc:utf-8
enc:utf-8
enc:utf-8
enc:utf-8
10336 [main] INFO  ipse.xtend.util.stdlib.IOExtensions  - es.ua.dlsi.ooh.conceptualView.impl.OperationImpl@7dcf94f8 (name: crearUsuario, visibility: Public, operationType: New, description: null, type: Object, collectionType: None, isStatic: false, isOrdered: false, filter: null, precondition: null, body: null, postcondition: null, automaticSynchronize: true, customized: false, paging: false, customizedTransaction: false)
10336 [main] INFO  ipse.xtend.util.stdlib.IOExtensions  - es.ua.dlsi.ooh.conceptualView.impl.OperationImpl@5bda8e08 (name: editarPerfil, visibility: Public, operationType: Modifier, description: null, type: Void, collectionType: None, isStatic: false, isOrdered: false, filter: null, precondition: null, body: null, postcondition: null, automaticSynchronize: true, customized: false, paging: false, customizedTransaction: false)
10336 [main] INFO  ipse.xtend.util.stdlib.IOExtensions  - es.ua.dlsi.ooh.conceptualView.impl.OperationImpl@7eac9008 (name: destroy, visibility: Public, operationType: Destroy, description: null, type: Void, collectionType: None, isStatic: false, isOrdered: false, filter: null, precondition: null, body: null, postcondition: null, automaticSynchronize: true, customized: false, paging: false, customizedTransaction: false)
10336 [main] INFO  ipse.xtend.util.stdlib.IOExtensions  - es.ua.dlsi.ooh.conceptualView.impl.OperationImpl@62ddbd7e (name: login, visibility: Public, operationType: Custom, description: null, type: Integer, collectionType: None, isStatic: false, isOrdered: false, filter: null, precondition: null, body: null, postcondition: null, automaticSynchronize: true, customized: false, paging: false, customizedTransaction: false)
10336 [main] INFO  ipse.xtend.util.stdlib.IOExtensions  - es.ua.dlsi.ooh.conceptualView.impl.OperationImpl@1a677343 (name: getPuntuacion, visibility: Public, operationType: CustomTransaction, description: null, type: Float, collectionType: None, isStatic: false, isOrdered: false, filter: null, precondition: null, body: null, postcondition: null, automaticSynchronize: true, customized: false, paging: false, customizedTransaction: false)
enc:utf-8
10384 [main] INFO  ipse.xtend.util.stdlib.IOExtensions  - es.ua.dlsi.ooh.conceptualView.impl.OperationImpl@489115ef (name: comentar, visibility: Public, operationType: CustomTransaction, description: null, type: Integer, collectionType: None, isStatic: false, isOrdered: false, filter: null, precondition: null, body: null, postcondition: null, automaticSynchronize: true, customized: false, paging: false, customizedTransaction: false)
enc:utf-8
10421 [main] INFO  ipse.xtend.util.stdlib.IOExtensions  - es.ua.dlsi.ooh.conceptualView.impl.OperationImpl@3c9754d8 (name: recuperarPassword, visibility: Public, operationType: Custom, description: null, type: String, collectionType: None, isStatic: false, isOrdered: false, filter: null, precondition: null, body: null, postcondition: null, automaticSynchronize: true, customized: false, paging: false, customizedTransaction: false)
10421 [main] INFO  ipse.xtend.util.stdlib.IOExtensions  - es.ua.dlsi.ooh.conceptualView.impl.OperationImpl@4d1c00d0 (name: cargarPerfil, visibility: Public, operationType: ReadOID, description: null, type: Object, collectionType: None, isStatic: false, isOrdered: false, filter: null, precondition: null, body: null, postcondition: null, automaticSynchronize: true, customized: false, paging: false, customizedTransaction: false)
10421 [main] INFO  ipse.xtend.util.stdlib.IOExtensions  - es.ua.dlsi.ooh.conceptualView.impl.OperationImpl@4e08711f (name: getReportes, visibility: Public, operationType: CustomTransaction, description: null, type: Void, collectionType: None, isStatic: false, isOrdered: false, filter: null, precondition: null, body: null, postcondition: null, automaticSynchronize: true, customized: false, paging: false, customizedTransaction: false)
enc:utf-8
enc:utf-8
10521 [main] INFO  ipse.xtend.util.stdlib.IOExtensions  - es.ua.dlsi.ooh.conceptualView.impl.OperationImpl@2a5c8d3f (name: subirContenido, visibility: Public, operationType: New, description: null, type: Object, collectionType: None, isStatic: false, isOrdered: false, filter: null, precondition: null, body: null, postcondition: null, automaticSynchronize: true, customized: false, paging: false, customizedTransaction: false)
10521 [main] INFO  ipse.xtend.util.stdlib.IOExtensions  - es.ua.dlsi.ooh.conceptualView.impl.OperationImpl@6ad82709 (name: editar, visibility: Public, operationType: Modifier, description: null, type: Void, collectionType: None, isStatic: false, isOrdered: false, filter: null, precondition: null, body: null, postcondition: null, automaticSynchronize: true, customized: false, paging: false, customizedTransaction: false)
10521 [main] INFO  ipse.xtend.util.stdlib.IOExtensions  - es.ua.dlsi.ooh.conceptualView.impl.OperationImpl@247bddad (name: borrar, visibility: Public, operationType: Destroy, description: null, type: Void, collectionType: None, isStatic: false, isOrdered: false, filter: null, precondition: null, body: null, postcondition: null, automaticSynchronize: true, customized: false, paging: false, customizedTransaction: false)
10521 [main] INFO  ipse.xtend.util.stdlib.IOExtensions  - es.ua.dlsi.ooh.conceptualView.impl.OperationImpl@7770f470 (name: votar, visibility: Public, operationType: Custom, description: null, type: Void, collectionType: None, isStatic: false, isOrdered: false, filter: null, precondition: null, body: null, postcondition: null, automaticSynchronize: true, customized: false, paging: false, customizedTransaction: false)
10521 [main] INFO  ipse.xtend.util.stdlib.IOExtensions  - es.ua.dlsi.ooh.conceptualView.impl.OperationImpl@77f1baf5 (name: cargarContenido, visibility: Public, operationType: ReadOID, description: null, type: Object, collectionType: None, isStatic: false, isOrdered: false, filter: null, precondition: null, body: null, postcondition: null, automaticSynchronize: true, customized: false, paging: false, customizedTransaction: false)
10521 [main] INFO  ipse.xtend.util.stdlib.IOExtensions  - es.ua.dlsi.ooh.conceptualView.impl.OperationImpl@6c40365c (name: dameContenidoPorTitulo, visibility: Public, operationType: ReadFilter, description: null, type: Object, collectionType: List, isStatic: false, isOrdered: false, filter: FROM ContenidoEN as cont where cont.Titulo = :c_titulo, precondition: null, body: null, postcondition: null, automaticSynchronize: false, customized: false, paging: false, customizedTransaction: false)
10521 [main] INFO  ipse.xtend.util.stdlib.IOExtensions  - es.ua.dlsi.ooh.conceptualView.impl.OperationImpl@131ef10 (name: reportar, visibility: Public, operationType: CustomTransaction, description: null, type: Void, collectionType: None, isStatic: false, isOrdered: false, filter: null, precondition: null, body: null, postcondition: null, automaticSynchronize: true, customized: false, paging: false, customizedTransaction: false)
enc:utf-8
10568 [main] INFO  ipse.xtend.util.stdlib.IOExtensions  - es.ua.dlsi.ooh.conceptualView.impl.OperationImpl@38afe297 (name: getPuntuacionContenido, visibility: Public, operationType: Custom, description: null, type: Float, collectionType: None, isStatic: false, isOrdered: false, filter: null, precondition: null, body: null, postcondition: null, automaticSynchronize: true, customized: false, paging: false, customizedTransaction: false)
10568 [main] INFO  ipse.xtend.util.stdlib.IOExtensions  - es.ua.dlsi.ooh.conceptualView.impl.OperationImpl@23348b5d (name: dameContenidoPorFecha, visibility: Public, operationType: ReadFilter, description: null, type: Object, collectionType: List, isStatic: false, isOrdered: false, filter: FROM ContenidoEN as cont where cont.FechaCreacion = :c_fecha, precondition: null, body: null, postcondition: null, automaticSynchronize: false, customized: false, paging: false, customizedTransaction: false)
enc:utf-8
10606 [main] INFO  ipse.xtend.util.stdlib.IOExtensions  - es.ua.dlsi.ooh.conceptualView.impl.OperationImpl@63475ace (name: new, visibility: Public, operationType: New, description: null, type: Object, collectionType: None, isStatic: false, isOrdered: false, filter: null, precondition: null, body: null, postcondition: null, automaticSynchronize: true, customized: false, paging: false, customizedTransaction: false)
10606 [main] INFO  ipse.xtend.util.stdlib.IOExtensions  - es.ua.dlsi.ooh.conceptualView.impl.OperationImpl@66d18979 (name: editar, visibility: Public, operationType: Modifier, description: null, type: Void, collectionType: None, isStatic: false, isOrdered: false, filter: null, precondition: null, body: null, postcondition: null, automaticSynchronize: true, customized: false, paging: false, customizedTransaction: false)
10606 [main] INFO  ipse.xtend.util.stdlib.IOExtensions  - es.ua.dlsi.ooh.conceptualView.impl.OperationImpl@7d8704ef (name: borrar, visibility: Public, operationType: Destroy, description: null, type: Void, collectionType: None, isStatic: false, isOrdered: false, filter: null, precondition: null, body: null, postcondition: null, automaticSynchronize: true, customized: false, paging: false, customizedTransaction: false)
10606 [main] INFO  ipse.xtend.util.stdlib.IOExtensions  - es.ua.dlsi.ooh.conceptualView.impl.OperationImpl@158a8276 (name: reportar, visibility: Public, operationType: CustomTransaction, description: null, type: Void, collectionType: None, isStatic: false, isOrdered: false, filter: null, precondition: null, body: null, postcondition: null, automaticSynchronize: true, customized: false, paging: false, customizedTransaction: false)
enc:utf-8
10653 [main] INFO  ipse.xtend.util.stdlib.IOExtensions  - es.ua.dlsi.ooh.conceptualView.impl.OperationImpl@79d8407f (name: getPuntuacionComentario, visibility: Public, operationType: Custom, description: null, type: Float, collectionType: None, isStatic: false, isOrdered: false, filter: null, precondition: null, body: null, postcondition: null, automaticSynchronize: true, customized: false, paging: false, customizedTransaction: false)
enc:utf-8
10706 [main] INFO  ipse.xtend.util.stdlib.IOExtensions  - es.ua.dlsi.ooh.conceptualView.impl.OperationImpl@65d09a04 (name: new, visibility: Public, operationType: New, description: null, type: Object, collectionType: None, isStatic: false, isOrdered: false, filter: null, precondition: null, body: null, postcondition: null, automaticSynchronize: true, customized: false, paging: false, customizedTransaction: false)
10706 [main] INFO  ipse.xtend.util.stdlib.IOExtensions  - es.ua.dlsi.ooh.conceptualView.impl.OperationImpl@8c3b9d (name: modify, visibility: Public, operationType: Modifier, description: null, type: Void, collectionType: None, isStatic: false, isOrdered: false, filter: null, precondition: null, body: null, postcondition: null, automaticSynchronize: true, customized: false, paging: false, customizedTransaction: false)
10706 [main] INFO  ipse.xtend.util.stdlib.IOExtensions  - es.ua.dlsi.ooh.conceptualView.impl.OperationImpl@1757cd72 (name: destroy, visibility: Public, operationType: Destroy, description: null, type: Void, collectionType: None, isStatic: false, isOrdered: false, filter: null, precondition: null, body: null, postcondition: null, automaticSynchronize: true, customized: false, paging: false, customizedTransaction: false)
enc:utf-8
10751 [main] INFO  ipse.xtend.util.stdlib.IOExtensions  - es.ua.dlsi.ooh.conceptualView.impl.OperationImpl@757277dc (name: new, visibility: Public, operationType: New, description: null, type: Object, collectionType: None, isStatic: false, isOrdered: false, filter: null, precondition: null, body: null, postcondition: null, automaticSynchronize: true, customized: false, paging: false, customizedTransaction: false)
10751 [main] INFO  ipse.xtend.util.stdlib.IOExtensions  - es.ua.dlsi.ooh.conceptualView.impl.OperationImpl@6ab778a (name: modify, visibility: Public, operationType: Modifier, description: null, type: Void, collectionType: None, isStatic: false, isOrdered: false, filter: null, precondition: null, body: null, postcondition: null, automaticSynchronize: true, customized: false, paging: false, customizedTransaction: false)
10751 [main] INFO  ipse.xtend.util.stdlib.IOExtensions  - es.ua.dlsi.ooh.conceptualView.impl.OperationImpl@762ef0ea (name: destroy, visibility: Public, operationType: Destroy, description: null, type: Void, collectionType: None, isStatic: false, isOrdered: false, filter: null, precondition: null, body: null, postcondition: null, automaticSynchronize: true, customized: false, paging: false, customizedTransaction: false)
enc:utf-8
10791 [main] INFO  ipse.xtend.util.stdlib.IOExtensions  - es.ua.dlsi.ooh.conceptualView.impl.OperationImpl@6db9f5a4 (name: new, visibility: Public, operationType: New, description: null, type: Object, collectionType: None, isStatic: false, isOrdered: false, filter: null, precondition: null, body: null, postcondition: null, automaticSynchronize: true, customized: false, paging: false, customizedTransaction: false)
10791 [main] INFO  ipse.xtend.util.stdlib.IOExtensions  - es.ua.dlsi.ooh.conceptualView.impl.OperationImpl@6ff29830 (name: modify, visibility: Public, operationType: Modifier, description: null, type: Void, collectionType: None, isStatic: false, isOrdered: false, filter: null, precondition: null, body: null, postcondition: null, automaticSynchronize: true, customized: false, paging: false, customizedTransaction: false)
10791 [main] INFO  ipse.xtend.util.stdlib.IOExtensions  - es.ua.dlsi.ooh.conceptualView.impl.OperationImpl@5609159b (name: destroy, visibility: Public, operationType: Destroy, description: null, type: Void, collectionType: None, isStatic: false, isOrdered: false, filter: null, precondition: null, body: null, postcondition: null, automaticSynchronize: true, customized: false, paging: false, customizedTransaction: false)
enc:utf-8
10838 [main] INFO  ipse.xtend.util.stdlib.IOExtensions  - es.ua.dlsi.ooh.conceptualView.impl.OperationImpl@394a2528 (name: new, visibility: Public, operationType: New, description: null, type: Object, collectionType: None, isStatic: false, isOrdered: false, filter: null, precondition: null, body: null, postcondition: null, automaticSynchronize: true, customized: false, paging: false, customizedTransaction: false)
10838 [main] INFO  ipse.xtend.util.stdlib.IOExtensions  - es.ua.dlsi.ooh.conceptualView.impl.OperationImpl@4470f8a6 (name: modify, visibility: Public, operationType: Modifier, description: null, type: Void, collectionType: None, isStatic: false, isOrdered: false, filter: null, precondition: null, body: null, postcondition: null, automaticSynchronize: true, customized: false, paging: false, customizedTransaction: false)
10838 [main] INFO  ipse.xtend.util.stdlib.IOExtensions  - es.ua.dlsi.ooh.conceptualView.impl.OperationImpl@50caa560 (name: destroy, visibility: Public, operationType: Destroy, description: null, type: Void, collectionType: None, isStatic: false, isOrdered: false, filter: null, precondition: null, body: null, postcondition: null, automaticSynchronize: true, customized: false, paging: false, customizedTransaction: false)
enc:utf-8
10869 [main] INFO  ipse.xtend.util.stdlib.IOExtensions  - es.ua.dlsi.ooh.conceptualView.impl.OperationImpl@157853da (name: new, visibility: Public, operationType: New, description: null, type: Object, collectionType: None, isStatic: false, isOrdered: false, filter: null, precondition: null, body: null, postcondition: null, automaticSynchronize: true, customized: false, paging: false, customizedTransaction: false)
10869 [main] INFO  ipse.xtend.util.stdlib.IOExtensions  - es.ua.dlsi.ooh.conceptualView.impl.OperationImpl@236e3f4e (name: modify, visibility: Public, operationType: Modifier, description: null, type: Void, collectionType: None, isStatic: false, isOrdered: false, filter: null, precondition: null, body: null, postcondition: null, automaticSynchronize: true, customized: false, paging: false, customizedTransaction: false)
10869 [main] INFO  ipse.xtend.util.stdlib.IOExtensions  - es.ua.dlsi.ooh.conceptualView.impl.OperationImpl@6bf0219d (name: destroy, visibility: Public, operationType: Destroy, description: null, type: Void, collectionType: None, isStatic: false, isOrdered: false, filter: null, precondition: null, body: null, postcondition: null, automaticSynchronize: true, customized: false, paging: false, customizedTransaction: false)
10869 [main] INFO  ipse.xtend.util.stdlib.IOExtensions  - es.ua.dlsi.ooh.conceptualView.impl.OperationImpl@5f16132a (name: anyadir_a_biblioteca, visibility: Public, operationType: Custom, description: null, type: Void, collectionType: None, isStatic: false, isOrdered: false, filter: null, precondition: null, body: null, postcondition: null, automaticSynchronize: true, customized: false, paging: false, customizedTransaction: false)
10869 [main] INFO  ipse.xtend.util.stdlib.IOExtensions  - es.ua.dlsi.ooh.conceptualView.impl.OperationImpl@87a85e1 (name: cargarBiblioteca, visibility: Public, operationType: ReadOID, description: null, type: Object, collectionType: None, isStatic: false, isOrdered: false, filter: null, precondition: null, body: null, postcondition: null, automaticSynchronize: true, customized: false, paging: false, customizedTransaction: false)
10884 [main] INFO  ipse.xtend.util.stdlib.IOExtensions  - es.ua.dlsi.ooh.conceptualView.impl.OperationImpl@5552768b (name: ordenarBiblioteca, visibility: Public, operationType: ReadAll, description: null, type: Object, collectionType: List, isStatic: false, isOrdered: false, filter: select contenido FROM BibliotecaEN as cont order by cont.Titulo, precondition: null, body: null, postcondition: null, automaticSynchronize: true, customized: false, paging: false, customizedTransaction: false)
enc:utf-8
10922 [main] INFO  ipse.xtend.util.stdlib.IOExtensions  - es.ua.dlsi.ooh.conceptualView.impl.OperationImpl@8317c52 (name: new, visibility: Public, operationType: New, description: null, type: Object, collectionType: None, isStatic: false, isOrdered: false, filter: null, precondition: null, body: null, postcondition: null, automaticSynchronize: true, customized: false, paging: false, customizedTransaction: false)
10922 [main] INFO  ipse.xtend.util.stdlib.IOExtensions  - es.ua.dlsi.ooh.conceptualView.impl.OperationImpl@6f27a732 (name: modify, visibility: Public, operationType: Modifier, description: null, type: Void, collectionType: None, isStatic: false, isOrdered: false, filter: null, precondition: null, body: null, postcondition: null, automaticSynchronize: true, customized: false, paging: false, customizedTransaction: false)
10922 [main] INFO  ipse.xtend.util.stdlib.IOExtensions  - es.ua.dlsi.ooh.conceptualView.impl.OperationImpl@7e9131d5 (name: destroy, visibility: Public, operationType: Destroy, description: null, type: Void, collectionType: None, isStatic: false, isOrdered: false, filter: null, precondition: null, body: null, postcondition: null, automaticSynchronize: true, customized: false, paging: false, customizedTransaction: false)
enc:utf-8
10969 [main] INFO  ipse.xtend.util.stdlib.IOExtensions  - es.ua.dlsi.ooh.conceptualView.impl.OperationImpl@37858383 (name: new, visibility: Public, operationType: New, description: null, type: Object, collectionType: None, isStatic: false, isOrdered: false, filter: null, precondition: null, body: null, postcondition: null, automaticSynchronize: true, customized: false, paging: false, customizedTransaction: false)
10969 [main] INFO  ipse.xtend.util.stdlib.IOExtensions  - es.ua.dlsi.ooh.conceptualView.impl.OperationImpl@5136d012 (name: modify, visibility: Public, operationType: Modifier, description: null, type: Void, collectionType: None, isStatic: false, isOrdered: false, filter: null, precondition: null, body: null, postcondition: null, automaticSynchronize: true, customized: false, paging: false, customizedTransaction: false)
10969 [main] INFO  ipse.xtend.util.stdlib.IOExtensions  - es.ua.dlsi.ooh.conceptualView.impl.OperationImpl@3541cb24 (name: destroy, visibility: Public, operationType: Destroy, description: null, type: Void, collectionType: None, isStatic: false, isOrdered: false, filter: null, precondition: null, body: null, postcondition: null, automaticSynchronize: true, customized: false, paging: false, customizedTransaction: false)
enc:utf-8
11007 [main] INFO  ipse.xtend.util.stdlib.IOExtensions  - es.ua.dlsi.ooh.conceptualView.impl.OperationImpl@4d910fd6 (name: new, visibility: Public, operationType: New, description: null, type: Object, collectionType: None, isStatic: false, isOrdered: false, filter: null, precondition: null, body: null, postcondition: null, automaticSynchronize: true, customized: false, paging: false, customizedTransaction: false)
11007 [main] INFO  ipse.xtend.util.stdlib.IOExtensions  - es.ua.dlsi.ooh.conceptualView.impl.OperationImpl@3246fb96 (name: modify, visibility: Public, operationType: Modifier, description: null, type: Void, collectionType: None, isStatic: false, isOrdered: false, filter: null, precondition: null, body: null, postcondition: null, automaticSynchronize: true, customized: false, paging: false, customizedTransaction: false)
11007 [main] INFO  ipse.xtend.util.stdlib.IOExtensions  - es.ua.dlsi.ooh.conceptualView.impl.OperationImpl@7671cb68 (name: destroy, visibility: Public, operationType: Destroy, description: null, type: Void, collectionType: None, isStatic: false, isOrdered: false, filter: null, precondition: null, body: null, postcondition: null, automaticSynchronize: true, customized: false, paging: false, customizedTransaction: false)
enc:utf-8
11054 [main] INFO  ipse.xtend.util.stdlib.IOExtensions  - es.ua.dlsi.ooh.conceptualView.impl.OperationImpl@3a6bb9bf (name: new, visibility: Public, operationType: New, description: null, type: Object, collectionType: None, isStatic: false, isOrdered: false, filter: null, precondition: null, body: null, postcondition: null, automaticSynchronize: true, customized: false, paging: false, customizedTransaction: false)
11054 [main] INFO  ipse.xtend.util.stdlib.IOExtensions  - es.ua.dlsi.ooh.conceptualView.impl.OperationImpl@3e6ef8ad (name: modify, visibility: Public, operationType: Modifier, description: null, type: Void, collectionType: None, isStatic: false, isOrdered: false, filter: null, precondition: null, body: null, postcondition: null, automaticSynchronize: true, customized: false, paging: false, customizedTransaction: false)
11054 [main] INFO  ipse.xtend.util.stdlib.IOExtensions  - es.ua.dlsi.ooh.conceptualView.impl.OperationImpl@3d1cfad4 (name: destroy, visibility: Public, operationType: Destroy, description: null, type: Void, collectionType: None, isStatic: false, isOrdered: false, filter: null, precondition: null, body: null, postcondition: null, automaticSynchronize: true, customized: false, paging: false, customizedTransaction: false)
enc:utf-8
11092 [main] INFO  ipse.xtend.util.stdlib.IOExtensions  - es.ua.dlsi.ooh.conceptualView.impl.OperationImpl@3738449f (name: new, visibility: Public, operationType: New, description: null, type: Object, collectionType: None, isStatic: false, isOrdered: false, filter: null, precondition: null, body: null, postcondition: null, automaticSynchronize: true, customized: false, paging: false, customizedTransaction: false)
11092 [main] INFO  ipse.xtend.util.stdlib.IOExtensions  - es.ua.dlsi.ooh.conceptualView.impl.OperationImpl@4e7912d8 (name: modify, visibility: Public, operationType: Modifier, description: null, type: Void, collectionType: None, isStatic: false, isOrdered: false, filter: null, precondition: null, body: null, postcondition: null, automaticSynchronize: true, customized: false, paging: false, customizedTransaction: false)
11092 [main] INFO  ipse.xtend.util.stdlib.IOExtensions  - es.ua.dlsi.ooh.conceptualView.impl.OperationImpl@1ba9117e (name: destroy, visibility: Public, operationType: Destroy, description: null, type: Void, collectionType: None, isStatic: false, isOrdered: false, filter: null, precondition: null, body: null, postcondition: null, automaticSynchronize: true, customized: false, paging: false, customizedTransaction: false)
11092 [main] INFO  ipse.xtend.util.stdlib.IOExtensions  - es.ua.dlsi.ooh.conceptualView.impl.OperationImpl@272ed83b (name: poneFalta, visibility: Public, operationType: Custom, description: null, type: Void, collectionType: None, isStatic: false, isOrdered: false, filter: null, precondition: null, body: null, postcondition: null, automaticSynchronize: true, customized: false, paging: false, customizedTransaction: false)
11092 [main] INFO  ipse.xtend.util.stdlib.IOExtensions  - es.ua.dlsi.ooh.conceptualView.impl.OperationImpl@cad498c (name: enviarNotificacion, visibility: Public, operationType: Custom, description: null, type: Void, collectionType: None, isStatic: false, isOrdered: false, filter: null, precondition: null, body: null, postcondition: null, automaticSynchronize: true, customized: false, paging: false, customizedTransaction: false)
enc:utf-8
11138 [main] INFO  ipse.xtend.util.stdlib.IOExtensions  - es.ua.dlsi.ooh.conceptualView.impl.OperationImpl@649bec2e (name: new, visibility: Public, operationType: New, description: null, type: Object, collectionType: None, isStatic: false, isOrdered: false, filter: null, precondition: null, body: null, postcondition: null, automaticSynchronize: true, customized: false, paging: false, customizedTransaction: false)
11138 [main] INFO  ipse.xtend.util.stdlib.IOExtensions  - es.ua.dlsi.ooh.conceptualView.impl.OperationImpl@49912c99 (name: modify, visibility: Public, operationType: Modifier, description: null, type: Void, collectionType: None, isStatic: false, isOrdered: false, filter: null, precondition: null, body: null, postcondition: null, automaticSynchronize: true, customized: false, paging: false, customizedTransaction: false)
11138 [main] INFO  ipse.xtend.util.stdlib.IOExtensions  - es.ua.dlsi.ooh.conceptualView.impl.OperationImpl@223aa2f7 (name: destroy, visibility: Public, operationType: Destroy, description: null, type: Void, collectionType: None, isStatic: false, isOrdered: false, filter: null, precondition: null, body: null, postcondition: null, automaticSynchronize: true, customized: false, paging: false, customizedTransaction: false)
11138 [main] INFO  ipse.xtend.util.stdlib.IOExtensions  - es.ua.dlsi.ooh.conceptualView.impl.OperationImpl@193f604a (name: vetarUsuario, visibility: Public, operationType: Custom, description: null, type: Boolean, collectionType: None, isStatic: false, isOrdered: false, filter: null, precondition: null, body: null, postcondition: null, automaticSynchronize: true, customized: false, paging: false, customizedTransaction: false)
enc:utf-8
11192 [main] INFO  ipse.xtend.util.stdlib.IOExtensions  - es.ua.dlsi.ooh.conceptualView.impl.OperationImpl@2fd1433e (name: new, visibility: Public, operationType: New, description: null, type: Object, collectionType: None, isStatic: false, isOrdered: false, filter: null, precondition: null, body: null, postcondition: null, automaticSynchronize: true, customized: false, paging: false, customizedTransaction: false)
11192 [main] INFO  ipse.xtend.util.stdlib.IOExtensions  - es.ua.dlsi.ooh.conceptualView.impl.OperationImpl@446293d (name: modify, visibility: Public, operationType: Modifier, description: null, type: Void, collectionType: None, isStatic: false, isOrdered: false, filter: null, precondition: null, body: null, postcondition: null, automaticSynchronize: true, customized: false, paging: false, customizedTransaction: false)
11192 [main] INFO  ipse.xtend.util.stdlib.IOExtensions  - es.ua.dlsi.ooh.conceptualView.impl.OperationImpl@2df9b86 (name: destroy, visibility: Public, operationType: Destroy, description: null, type: Void, collectionType: None, isStatic: false, isOrdered: false, filter: null, precondition: null, body: null, postcondition: null, automaticSynchronize: true, customized: false, paging: false, customizedTransaction: false)
enc:utf-8
11223 [main] INFO  ipse.xtend.util.stdlib.IOExtensions  - es.ua.dlsi.ooh.conceptualView.impl.OperationImpl@3059cbc (name: new, visibility: Public, operationType: New, description: null, type: Object, collectionType: None, isStatic: false, isOrdered: false, filter: null, precondition: null, body: null, postcondition: null, automaticSynchronize: true, customized: false, paging: false, customizedTransaction: false)
11223 [main] INFO  ipse.xtend.util.stdlib.IOExtensions  - es.ua.dlsi.ooh.conceptualView.impl.OperationImpl@24fcf36f (name: modify, visibility: Public, operationType: Modifier, description: null, type: Void, collectionType: None, isStatic: false, isOrdered: false, filter: null, precondition: null, body: null, postcondition: null, automaticSynchronize: true, customized: false, paging: false, customizedTransaction: false)
11239 [main] INFO  ipse.xtend.util.stdlib.IOExtensions  - es.ua.dlsi.ooh.conceptualView.impl.OperationImpl@ea6147e (name: destroy, visibility: Public, operationType: Destroy, description: null, type: Void, collectionType: None, isStatic: false, isOrdered: false, filter: null, precondition: null, body: null, postcondition: null, automaticSynchronize: true, customized: false, paging: false, customizedTransaction: false)
enc:utf-8
11270 [main] INFO  ipse.xtend.util.stdlib.IOExtensions  - es.ua.dlsi.ooh.conceptualView.impl.OperationImpl@7a419da4 (name: new, visibility: Public, operationType: New, description: null, type: Object, collectionType: None, isStatic: false, isOrdered: false, filter: null, precondition: null, body: null, postcondition: null, automaticSynchronize: true, customized: false, paging: false, customizedTransaction: false)
11270 [main] INFO  ipse.xtend.util.stdlib.IOExtensions  - es.ua.dlsi.ooh.conceptualView.impl.OperationImpl@759d26fb (name: modify, visibility: Public, operationType: Modifier, description: null, type: Void, collectionType: None, isStatic: false, isOrdered: false, filter: null, precondition: null, body: null, postcondition: null, automaticSynchronize: true, customized: false, paging: false, customizedTransaction: false)
11270 [main] INFO  ipse.xtend.util.stdlib.IOExtensions  - es.ua.dlsi.ooh.conceptualView.impl.OperationImpl@6f46426d (name: destroy, visibility: Public, operationType: Destroy, description: null, type: Void, collectionType: None, isStatic: false, isOrdered: false, filter: null, precondition: null, body: null, postcondition: null, automaticSynchronize: true, customized: false, paging: false, customizedTransaction: false)
11270 [main] INFO  ipse.xtend.util.stdlib.IOExtensions  - es.ua.dlsi.ooh.conceptualView.impl.OperationImpl@49c7b90e (name: enviarNotificacionReporteContenido, visibility: Public, operationType: Custom, description: null, type: Void, collectionType: None, isStatic: false, isOrdered: false, filter: null, precondition: null, body: null, postcondition: null, automaticSynchronize: true, customized: false, paging: false, customizedTransaction: false)
enc:utf-8
11323 [main] INFO  ipse.xtend.util.stdlib.IOExtensions  - es.ua.dlsi.ooh.conceptualView.impl.OperationImpl@5403f35f (name: new, visibility: Public, operationType: New, description: null, type: Object, collectionType: None, isStatic: false, isOrdered: false, filter: null, precondition: null, body: null, postcondition: null, automaticSynchronize: true, customized: false, paging: false, customizedTransaction: false)
11323 [main] INFO  ipse.xtend.util.stdlib.IOExtensions  - es.ua.dlsi.ooh.conceptualView.impl.OperationImpl@63a12c68 (name: modify, visibility: Public, operationType: Modifier, description: null, type: Void, collectionType: None, isStatic: false, isOrdered: false, filter: null, precondition: null, body: null, postcondition: null, automaticSynchronize: true, customized: false, paging: false, customizedTransaction: false)
11323 [main] INFO  ipse.xtend.util.stdlib.IOExtensions  - es.ua.dlsi.ooh.conceptualView.impl.OperationImpl@32b260fa (name: destroy, visibility: Public, operationType: Destroy, description: null, type: Void, collectionType: None, isStatic: false, isOrdered: false, filter: null, precondition: null, body: null, postcondition: null, automaticSynchronize: true, customized: false, paging: false, customizedTransaction: false)
11323 [main] INFO  ipse.xtend.util.stdlib.IOExtensions  - es.ua.dlsi.ooh.conceptualView.impl.OperationImpl@6d4e5011 (name: enviarNotificacionReporteComentario, visibility: Public, operationType: Custom, description: null, type: Void, collectionType: None, isStatic: false, isOrdered: false, filter: null, precondition: null, body: null, postcondition: null, automaticSynchronize: true, customized: false, paging: false, customizedTransaction: false)
enc:utf-8
11370 [main] INFO  ipse.xtend.util.stdlib.IOExtensions  - es.ua.dlsi.ooh.conceptualView.impl.OperationImpl@16a0ee18 (name: new, visibility: Public, operationType: New, description: null, type: Object, collectionType: None, isStatic: false, isOrdered: false, filter: null, precondition: null, body: null, postcondition: null, automaticSynchronize: true, customized: false, paging: false, customizedTransaction: false)
11370 [main] INFO  ipse.xtend.util.stdlib.IOExtensions  - es.ua.dlsi.ooh.conceptualView.impl.OperationImpl@5fbdfdcf (name: modify, visibility: Public, operationType: Modifier, description: null, type: Void, collectionType: None, isStatic: false, isOrdered: false, filter: null, precondition: null, body: null, postcondition: null, automaticSynchronize: true, customized: false, paging: false, customizedTransaction: false)
11370 [main] INFO  ipse.xtend.util.stdlib.IOExtensions  - es.ua.dlsi.ooh.conceptualView.impl.OperationImpl@156b88f5 (name: destroy, visibility: Public, operationType: Destroy, description: null, type: Void, collectionType: None, isStatic: false, isOrdered: false, filter: null, precondition: null, body: null, postcondition: null, automaticSynchronize: true, customized: false, paging: false, customizedTransaction: false)
enc:utf-8
11408 [main] INFO  ipse.xtend.util.stdlib.IOExtensions  - es.ua.dlsi.ooh.conceptualView.impl.OperationImpl@53fdffa1 (name: new, visibility: Public, operationType: New, description: null, type: Object, collectionType: None, isStatic: false, isOrdered: false, filter: null, precondition: null, body: null, postcondition: null, automaticSynchronize: true, customized: false, paging: false, customizedTransaction: false)
11408 [main] INFO  ipse.xtend.util.stdlib.IOExtensions  - es.ua.dlsi.ooh.conceptualView.impl.OperationImpl@4d0f2471 (name: modify, visibility: Public, operationType: Modifier, description: null, type: Void, collectionType: None, isStatic: false, isOrdered: false, filter: null, precondition: null, body: null, postcondition: null, automaticSynchronize: true, customized: false, paging: false, customizedTransaction: false)
11408 [main] INFO  ipse.xtend.util.stdlib.IOExtensions  - es.ua.dlsi.ooh.conceptualView.impl.OperationImpl@73e22a3d (name: destroy, visibility: Public, operationType: Destroy, description: null, type: Void, collectionType: None, isStatic: false, isOrdered: false, filter: null, precondition: null, body: null, postcondition: null, automaticSynchronize: true, customized: false, paging: false, customizedTransaction: false)
enc:utf-8
11470 [main] INFO  ipse.xtend.util.stdlib.IOExtensions  - UsuarioEN
enc:utf-8
11539 [main] INFO  ipse.xtend.util.stdlib.IOExtensions  - ContenidoEN
enc:utf-8
11608 [main] INFO  ipse.xtend.util.stdlib.IOExtensions  - ComentarioEN
enc:utf-8
11693 [main] INFO  ipse.xtend.util.stdlib.IOExtensions  - TextoEN
enc:utf-8
11751 [main] INFO  ipse.xtend.util.stdlib.IOExtensions  - ImagenEN
enc:utf-8
11809 [main] INFO  ipse.xtend.util.stdlib.IOExtensions  - VideoEN
enc:utf-8
11856 [main] INFO  ipse.xtend.util.stdlib.IOExtensions  - AudioEN
enc:utf-8
11925 [main] INFO  ipse.xtend.util.stdlib.IOExtensions  - BibliotecaEN
enc:utf-8
11971 [main] INFO  ipse.xtend.util.stdlib.IOExtensions  - ValoracionEN
enc:utf-8
12025 [main] INFO  ipse.xtend.util.stdlib.IOExtensions  - FaltaEN
enc:utf-8
12072 [main] INFO  ipse.xtend.util.stdlib.IOExtensions  - ValoracionContenidoEN
enc:utf-8
12125 [main] INFO  ipse.xtend.util.stdlib.IOExtensions  - ValoracionComentarioEN
enc:utf-8
12172 [main] INFO  ipse.xtend.util.stdlib.IOExtensions  - ModeradorEN
enc:utf-8
12225 [main] INFO  ipse.xtend.util.stdlib.IOExtensions  - AdministradorEN
enc:utf-8
12294 [main] INFO  ipse.xtend.util.stdlib.IOExtensions  - NotificacionesEN
enc:utf-8
12341 [main] INFO  ipse.xtend.util.stdlib.IOExtensions  - ReporteEN
enc:utf-8
12395 [main] INFO  ipse.xtend.util.stdlib.IOExtensions  - ReporteContenidoEN
enc:utf-8
12442 [main] INFO  ipse.xtend.util.stdlib.IOExtensions  - ReporteComentarioEN
enc:utf-8
12495 [main] INFO  ipse.xtend.util.stdlib.IOExtensions  - FooterEN
enc:utf-8
12542 [main] INFO  ipse.xtend.util.stdlib.IOExtensions  - IdiomaEN
enc:utf-8
enc:utf-8
enc:utf-8
enc:utf-8
enc:utf-8
enc:utf-8
enc:utf-8
12858 [main] INFO  ipse.xtend.util.stdlib.IOExtensions  - EN
12874 [main] INFO  ipse.xtend.util.stdlib.IOExtensions  - EN
12874 [main] INFO  ipse.xtend.util.stdlib.IOExtensions  - EN
12874 [main] INFO  ipse.xtend.util.stdlib.IOExtensions  - EN
12890 [main] INFO  ipse.xtend.util.stdlib.IOExtensions  - EN
12892 [main] INFO  ipse.xtend.util.stdlib.IOExtensions  - EN
12896 [main] INFO  ipse.xtend.util.stdlib.IOExtensions  - EN
12896 [main] INFO  ipse.xtend.util.stdlib.IOExtensions  - EN
12896 [main] INFO  ipse.xtend.util.stdlib.IOExtensions  - EN
12896 [main] INFO  ipse.xtend.util.stdlib.IOExtensions  - EN
enc:utf-8
enc:utf-8
13011 [main] INFO         org.eclipse.xpand2.Generator  - Skipped writing of 162 files to outlet [default](../YoureOnGen)
13011 [main] INFO  e.core.container.CompositeComponent  - es.ua.dlsi.ooh.persistence.nhibernate.generator.workflowComponents.CreateSolution
13027 [main] INFO  e.core.container.CompositeComponent  - es.ua.dlsi.ooh.persistence.nhibernate.generator.workflowComponents.UpdateSolution
13043 [main] INFO  e.core.container.CompositeComponent  - es.ua.dlsi.ooh.persistence.nhibernate.generator.workflowComponents.CopyDLLs
../YoureOnGen\YoureOnGenNHibernate\AppLib\Antlr3.Runtime.dll
../YoureOnGen\YoureOnGenNHibernate\AppLib\Castle.DynamicProxy2.dll
../YoureOnGen\YoureOnGenNHibernate\AppLib\Iesi.Collections.dll
../YoureOnGen\YoureOnGenNHibernate\AppLib\LinFu.DynamicProxy.dll
../YoureOnGen\YoureOnGenNHibernate\AppLib\log4net.dll
../YoureOnGen\YoureOnGenNHibernate\AppLib\NHibernate.ByteCode.Castle.dll
../YoureOnGen\YoureOnGenNHibernate\AppLib\NHibernate.ByteCode.LinFu.dll
../YoureOnGen\YoureOnGenNHibernate\AppLib\NHibernate.dll
../YoureOnGen\YoureOnGenNHibernate\AppLib\nunit.core.dll
../YoureOnGen\YoureOnGenNHibernate\AppLib\nunit.framework.dll
13058 [main] INFO  eclipse.emf.mwe.core.WorkflowEngine  - workflow completed in 12056ms!
